<?xml version="1.0" encoding="UTF-8"?>
<testsuites>
  <testsuite name="Alograg Inpsyde Interview" tests="5" assertions="5" failures="0" errors="0" time="0.046632">
    <testsuite name="Alograg\Wp\Tests\NoncesTest" file="/home/alograg/projects/repository/entrevistas/inpsyde-interview/stand_alone/tests/NoncesTest.php" tests="5" assertions="5" failures="0" errors="0" time="0.046632">
      <testcase name="testNoncesCreate" class="Alograg\Wp\Tests\NoncesTest" file="/home/alograg/projects/repository/entrevistas/inpsyde-interview/stand_alone/tests/NoncesTest.php" line="93" assertions="1" time="0.011119"/>
      <testcase name="testToken" class="Alograg\Wp\Tests\NoncesTest" file="/home/alograg/projects/repository/entrevistas/inpsyde-interview/stand_alone/tests/NoncesTest.php" line="105" assertions="1" time="0.008878"/>
      <testcase name="testField" class="Alograg\Wp\Tests\NoncesTest" file="/home/alograg/projects/repository/entrevistas/inpsyde-interview/stand_alone/tests/NoncesTest.php" line="114" assertions="1" time="0.012582"/>
      <testcase name="testUrl" class="Alograg\Wp\Tests\NoncesTest" file="/home/alograg/projects/repository/entrevistas/inpsyde-interview/stand_alone/tests/NoncesTest.php" line="133" assertions="1" time="0.007093"/>
      <testcase name="testValidate" class="Alograg\Wp\Tests\NoncesTest" file="/home/alograg/projects/repository/entrevistas/inpsyde-interview/stand_alone/tests/NoncesTest.php" line="147" assertions="1" time="0.006960"/>
    </testsuite>
  </testsuite>
</testsuites>
